<?xml version="1.0" encoding="UTF-8"?>
<!-- Generated by org.testng.reporters.JUnitXMLReporter -->
<testsuite ignored="1" hostname="LAPTOP-QCSBJUUB" failures="0" tests="1" name="chrome test" time="9.528" errors="0" timestamp="2023-09-04T09:24:13 IST">
  <testcase classname="com.QALegendBilling.testscript.LoginTest" name="TC_001_verifyValidLogin" time="3.556"/>
  <testcase classname="com.QALegendBilling.testscript.LoginTest" name="TC_002_verifyInvalidLogin" time="0.0">
    <ignored/>
  </testcase> <!-- TC_002_verifyInvalidLogin -->
</testsuite> <!-- chrome test -->
