<?xml version="1.0" encoding="UTF-8"?>
<!-- Generated by org.testng.reporters.JUnitXMLReporter -->
<testsuite ignored="1" hostname="LAPTOP-QCSBJUUB" failures="0" tests="3" name="firefox test" time="27.871" errors="0" timestamp="2023-09-04T09:24:41 IST">
  <testcase classname="com.QALegendBilling.testscript.LoginTest" name="TC_002_verifyInvalidLogin" time="0.923"/>
  <testcase classname="com.QALegendBilling.testscript.LoginTest" name="TC_002_verifyInvalidLogin" time="0.903"/>
  <testcase classname="com.QALegendBilling.testscript.LoginTest" name="TC_002_verifyInvalidLogin" time="0.856"/>
  <testcase classname="com.QALegendBilling.testscript.LoginTest" name="TC_001_verifyValidLogin" time="0.0">
    <ignored/>
  </testcase> <!-- TC_001_verifyValidLogin -->
</testsuite> <!-- firefox test -->
