<?xml version="1.0" encoding="UTF-8"?>
<!-- Generated by org.testng.reporters.JUnitXMLReporter -->
<testsuite ignored="4" hostname="LAPTOP-QCSBJUUB" failures="0" tests="5" name="Parameter testing-grouping" time="26.125" errors="0" timestamp="2023-09-05T08:37:08 IST">
  <testcase classname="com.QALegendBilling.testscript.UserManagementTest" name="TC_007_verifyUserManagementTabsAreDisplayed" time="3.241"/>
  <testcase classname="com.QALegendBilling.testscript.LoginTest" name="TC_001_verifyValidLogin" time="2.087"/>
  <testcase classname="com.QALegendBilling.testscript.LoginTest" name="TC_002_verifyInvalidLogin" time="0.74"/>
  <testcase classname="com.QALegendBilling.testscript.LoginTest" name="TC_002_verifyInvalidLogin" time="0.676"/>
  <testcase classname="com.QALegendBilling.testscript.LoginTest" name="TC_002_verifyInvalidLogin" time="0.677"/>
  <testcase classname="com.QALegendBilling.testscript.ResetTest" name="TC_004_errorMessage_Displayed_onthe_Reset_passwordPage_with_InavlidemailID" time="0.0">
    <ignored/>
  </testcase> <!-- TC_004_errorMessage_Displayed_onthe_Reset_passwordPage_with_InavlidemailID -->
  <testcase classname="com.QALegendBilling.testscript.SignoutTest" name="TC_003_verifyuser_isNavigate_to_LoginPage_by_clicking_signout" time="0.0">
    <ignored/>
  </testcase> <!-- TC_003_verifyuser_isNavigate_to_LoginPage_by_clicking_signout -->
  <testcase classname="com.QALegendBilling.testscript.RoleTest" name="TC_005_verifyRoleSearch" time="0.0">
    <ignored/>
  </testcase> <!-- TC_005_verifyRoleSearch -->
  <testcase classname="com.QALegendBilling.testscript.UsersTest" name="TC_006_verifyAddUserDetails" time="0.0">
    <ignored/>
  </testcase> <!-- TC_006_verifyAddUserDetails -->
</testsuite> <!-- Parameter testing-grouping -->
