<?xml version="1.0" encoding="UTF-8"?>
<!-- Generated by org.testng.reporters.JUnitXMLReporter -->
<testsuite ignored="0" hostname="LAPTOP-QCSBJUUB" failures="0" tests="4" name="parallel testing FireFox" time="46.449" errors="0" timestamp="2023-09-06T08:38:09 IST">
  <testcase classname="com.QALegendBilling.testscript.LoginTest" name="TC_001_verifyValidLogin" time="2.948"/>
  <testcase classname="com.QALegendBilling.testscript.LoginTest" name="TC_002_verifyInvalidLogin" time="1.128"/>
  <testcase classname="com.QALegendBilling.testscript.LoginTest" name="TC_002_verifyInvalidLogin" time="1.255"/>
  <testcase classname="com.QALegendBilling.testscript.LoginTest" name="TC_002_verifyInvalidLogin" time="1.227"/>
</testsuite> <!-- parallel testing FireFox -->
