<?xml version="1.0" encoding="UTF-8"?>
<!-- Generated by org.testng.reporters.JUnitXMLReporter -->
<testsuite ignored="2" hostname="LAPTOP-QCSBJUUB" failures="0" tests="2" name="parallel testing chrome" time="19.572" errors="0" timestamp="2023-09-06T08:47:36 IST">
  <testcase classname="com.QALegendBilling.testscript.LoginTest" name="TC_001_verifyValidLogin" time="2.635"/>
  <testcase classname="com.QALegendBilling.testscript.UsersTest" name="TC_006_verifyAddUserDetails" time="10.538"/>
  <testcase classname="com.QALegendBilling.testscript.LoginTest" name="TC_002_verifyInvalidLogin" time="0.0">
    <ignored/>
  </testcase> <!-- TC_002_verifyInvalidLogin -->
  <testcase classname="com.QALegendBilling.automationcore.Base" name="@BeforeSuite setExtent" time="0.0">
    <ignored/>
  </testcase> <!-- @BeforeSuite setExtent -->
</testsuite> <!-- parallel testing chrome -->
